Using pre-set license
Built from '2020.3/release' branch; Version is '2020.3.12f1 (b3b2c6512326) revision 11776710'; Using compiler version '192528614'; Build Type 'Release'
OS: 'Windows 10 Pro; OS build 17134.648; Version 1803; 64bit' Language: 'ru' Physical Memory: 16342 MB
BatchMode: 1, IsHumanControllingUs: 0, StartBugReporterOnCrash: 0, Is64bit: 1, IsPro: 0

 COMMAND LINE ARGUMENTS:
C:\Program Files\Unity\Hub\Editor\2020.3.12f1\Editor\Unity.exe
-adb2
-batchMode
-noUpm
-name
AssetImportWorker0
-projectPath
D:/Workspace/Unity Projects/Robot Test Game/BASE
-logFile
Logs/AssetImportWorker0.log
-srvPort
59774
Successfully changed project path to: D:/Workspace/Unity Projects/Robot Test Game/BASE
D:/Workspace/Unity Projects/Robot Test Game/BASE
Using Asset Import Pipeline V2.
Refreshing native plugins compatible for Editor in 53.13 ms, found 3 plugins.
Preloading 0 native plugins for Editor in 0.00 ms.
Initialize engine version: 2020.3.12f1 (b3b2c6512326)
[Subsystems] Discovering subsystems at path C:/Program Files/Unity/Hub/Editor/2020.3.12f1/Editor/Data/Resources/UnitySubsystems
[Subsystems] Discovering subsystems at path D:/Workspace/Unity Projects/Robot Test Game/BASE/Assets
GfxDevice: creating device client; threaded=0
Direct3D:
    Version:  Direct3D 11.0 [level 11.1]
    Renderer: NVIDIA GeForce GTX 1050 (ID=0x1c81)
    Vendor:   
    VRAM:     1977 MB
    Driver:   25.21.14.1881
Initialize mono
Mono path[0] = 'C:/Program Files/Unity/Hub/Editor/2020.3.12f1/Editor/Data/Managed'
Mono path[1] = 'C:/Program Files/Unity/Hub/Editor/2020.3.12f1/Editor/Data/MonoBleedingEdge/lib/mono/unityjit'
Mono config path = 'C:/Program Files/Unity/Hub/Editor/2020.3.12f1/Editor/Data/MonoBleedingEdge/etc'
Using monoOptions --debugger-agent=transport=dt_socket,embedding=1,server=y,suspend=n,address=127.0.0.1:56364
Begin MonoManager ReloadAssembly
Registering precompiled unity dll's ...
Register platform support module: C:/Program Files/Unity/Hub/Editor/2020.3.12f1/Editor/Data/PlaybackEngines/WindowsStandaloneSupport/UnityEditor.WindowsStandalone.Extensions.dll
Registered in 0.001632 seconds.
Native extension for WindowsStandalone target not found
Refreshing native plugins compatible for Editor in 51.32 ms, found 3 plugins.
Preloading 0 native plugins for Editor in 0.00 ms.
Mono: successfully reloaded assembly
- Completed reload, in  1.079 seconds
Platform modules already initialized, skipping
Registering precompiled user dll's ...
Registered in 0.004335 seconds.
Begin MonoManager ReloadAssembly
Native extension for WindowsStandalone target not found
Refreshing native plugins compatible for Editor in 51.07 ms, found 3 plugins.
Preloading 0 native plugins for Editor in 0.00 ms.
Mono: successfully reloaded assembly
- Completed reload, in  1.164 seconds
Platform modules already initialized, skipping
========================================================================
Worker process is ready to serve import requests
Launched and connected shader compiler UnityShaderCompiler.exe after 0.03 seconds
Refreshing native plugins compatible for Editor in 0.52 ms, found 3 plugins.
Preloading 0 native plugins for Editor in 0.00 ms.
Unloading 2409 Unused Serialized files (Serialized files now loaded: 0)
System memory in use before: 111.2 MB.
System memory in use after: 109.9 MB.

Unloading 50 unused Assets to reduce memory usage. Loaded Objects now: 2831.
Total: 3.616759 ms (FindLiveObjects: 0.240639 ms CreateObjectMapping: 0.219818 ms MarkObjects: 2.052432 ms  DeleteObjects: 1.103187 ms)

AssetImportParameters requested are different than current active one (requested -> active):
  custom:framework-win-MediaFoundation: 216162199b28c13a410421893ffa2e32 -> 
  custom:video-decoder-ogg-theora: a1e56fd34408186e4bbccfd4996cb3dc -> 
  custom:container-muxer-webm: aa71ff27fc2769a1b78a27578f13a17b -> 
  custom:container-demuxer-webm: 4f35f7cbe854078d1ac9338744f61a02 -> 
  custom:container-demuxer-ogg: 62fdf1f143b41e24485cea50d1cbac27 -> 
  custom:video-encoder-webm-vp8: eb34c28f22e8b96e1ab97ce403110664 -> 
  custom:video-decoder-webm-vp8: 9c59270c3fd7afecdb556c50c9e8de78 -> 
  custom:audio-decoder-ogg-vorbis: bf7c407c2cedff20999df2af8eb42d56 -> 
  custom:audio-encoder-webm-vorbis: bf7c407c2cedff20999df2af8eb42d56 -> 
========================================================================
Received Import Request.
  path: Assets/Scripts/Configuration/GameData.cs
  artifactKey: Guid(4145675e381293842ad0ba3f5b5fdd2d) Importer(815301076,1909f56bfc062723c751e8b465ee728b)
Start importing Assets/Scripts/Configuration/GameData.cs using Guid(4145675e381293842ad0ba3f5b5fdd2d) Importer(815301076,1909f56bfc062723c751e8b465ee728b)  -> (artifact id: '1fe0689204f54e837bf0a0ebad5a85a4') in 0.024635 seconds 
  Import took 0.028269 seconds .

========================================================================
Received Import Request.
  Time since last request: 0.000349 seconds.
  path: Assets/Scripts/Game
  artifactKey: Guid(4255d0b8c8b4bf34a95039cfe47f382d) Importer(815301076,1909f56bfc062723c751e8b465ee728b)
Start importing Assets/Scripts/Game using Guid(4255d0b8c8b4bf34a95039cfe47f382d) Importer(815301076,1909f56bfc062723c751e8b465ee728b)  -> (artifact id: '3e95fc7917a8b9df3df9e557f51ed9d4') in 0.001047 seconds 
  Import took 0.004229 seconds .

========================================================================
Received Import Request.
  Time since last request: 0.000259 seconds.
  path: Assets/Scripts/Configuration/ColorBlock.cs
  artifactKey: Guid(ca53d81c9f045134e9f3a19155575646) Importer(815301076,1909f56bfc062723c751e8b465ee728b)
Start importing Assets/Scripts/Configuration/ColorBlock.cs using Guid(ca53d81c9f045134e9f3a19155575646) Importer(815301076,1909f56bfc062723c751e8b465ee728b)  -> (artifact id: '71df09d804c42a841cdd5c29d04b81c5') in 0.001284 seconds 
  Import took 0.005278 seconds .

========================================================================
Received Import Request.
  Time since last request: 2.733549 seconds.
  path: Assets/Scripts/Game/LevelBuilder.cs
  artifactKey: Guid(4e09f1dae531b5a4599c8ba4abe0bcab) Importer(815301076,1909f56bfc062723c751e8b465ee728b)
Start importing Assets/Scripts/Game/LevelBuilder.cs using Guid(4e09f1dae531b5a4599c8ba4abe0bcab) Importer(815301076,1909f56bfc062723c751e8b465ee728b)  -> (artifact id: 'b89fa930d8bfd0d53720efcc20c1a298') in 0.001239 seconds 
  Import took 0.005233 seconds .

========================================================================
Received Import Request.
  Time since last request: 0.000785 seconds.
  path: Assets/Scripts/Game/LevelBuilder.cs
  artifactKey: Guid(4e09f1dae531b5a4599c8ba4abe0bcab) Importer(815301076,1909f56bfc062723c751e8b465ee728b)
Start importing Assets/Scripts/Game/LevelBuilder.cs using Guid(4e09f1dae531b5a4599c8ba4abe0bcab) Importer(815301076,1909f56bfc062723c751e8b465ee728b)  -> (artifact id: 'b89fa930d8bfd0d53720efcc20c1a298') in 0.001389 seconds 
  Import took 0.005748 seconds .

AssetImportWorkerClient::OnTransportError - code=2 error=End of file
